[debug] [2024-07-13T07:31:56.396Z] ----------------------------------------------------------------------
[debug] [2024-07-13T07:31:56.401Z] Command:       C:\Program Files\nodejs\node.exe C:\Users\neela\AppData\Roaming\npm\node_modules\firebase-tools\lib\bin\firebase.js init
[debug] [2024-07-13T07:31:56.402Z] CLI Version:   13.13.2
[debug] [2024-07-13T07:31:56.402Z] Platform:      win32
[debug] [2024-07-13T07:31:56.402Z] Node Version:  v20.11.0
[debug] [2024-07-13T07:31:56.403Z] Time:          Sat Jul 13 2024 13:01:56 GMT+0530 (India Standard Time)
[debug] [2024-07-13T07:31:56.403Z] ----------------------------------------------------------------------
[debug] 
[debug] [2024-07-13T07:31:56.413Z] > command requires scopes: ["email","openid","https://www.googleapis.com/auth/cloudplatformprojects.readonly","https://www.googleapis.com/auth/firebase","https://www.googleapis.com/auth/cloud-platform"]
[debug] [2024-07-13T07:31:56.414Z] > authorizing via signed-in user (neelapunani2580@gmail.com)
[info] 
     ######## #### ########  ######## ########     ###     ######  ########
     ##        ##  ##     ## ##       ##     ##  ##   ##  ##       ##
     ######    ##  ########  ######   ########  #########  ######  ######
     ##        ##  ##    ##  ##       ##     ## ##     ##       ## ##
     ##       #### ##     ## ######## ########  ##     ##  ######  ########

You're about to initialize a Firebase project in this directory:

  C:\Users\neela\Portfolio

[info] 
=== Project Setup
[info] 
[info] First, let's associate this project directory with a Firebase project.
[info] You can create multiple project aliases by running firebase use --add, 
[info] but for now we'll just set up a default project.
[info] 
